<?xml version="1.0" encoding="UTF-8"?>
<!-- Generated by org.testng.reporters.JUnitXMLReporter -->
<testsuite hostname="DESKTOP-BSR4KSA" ignored="0" name="Surefire test" tests="10" failures="0" timestamp="2023-01-25T06:34:43 CST" time="10.292" errors="0">
  <testcase name="testPostUser" time="3.172" classname="api.Test2.DDTests"/>
  <testcase name="testPostUser" time="1.155" classname="api.Test2.DDTests"/>
  <testcase name="testPostUser" time="0.907" classname="api.Test2.DDTests"/>
  <testcase name="testDeleteUserByName" time="0.469" classname="api.Test2.DDTests"/>
  <testcase name="testDeleteUserByName" time="0.359" classname="api.Test2.DDTests"/>
  <testcase name="testDeleteUserByName" time="0.353" classname="api.Test2.DDTests"/>
  <testcase name="testPostUser" time="0.386" classname="api.Test2.UserTests"/>
  <testcase name="testGetUserByName" time="0.361" classname="api.Test2.UserTests"/>
  <testcase name="updataeUserByName" time="0.943" classname="api.Test2.UserTests"/>
  <testcase name="testDeleteUserByName" time="0.362" classname="api.Test2.UserTests"/>
</testsuite> <!-- Surefire test -->
