<?xml version="1.0" encoding="UTF-8"?>
<!-- Generated by org.testng.reporters.JUnitXMLReporter -->
<testsuite hostname="DESKTOP-BSR4KSA" ignored="0" name="Default test" tests="4" failures="0" timestamp="2023-01-24T23:08:40 CST" time="4.397" errors="0">
  <testcase name="testPostUser" time="2.259" classname="api.Test2.UserTests2"/>
  <testcase name="testGetUserByName" time="0.384" classname="api.Test2.UserTests2"/>
  <testcase name="updataeUserByName" time="0.751" classname="api.Test2.UserTests2"/>
  <testcase name="testDeleteUserByName" time="0.361" classname="api.Test2.UserTests2"/>
</testsuite> <!-- Default test -->
