<?xml version="1.0" encoding="UTF-8"?>
<!-- Generated by org.testng.reporters.JUnitXMLReporter -->
<testsuite hostname="DESKTOP-BSR4KSA" ignored="0" name="PetTests" tests="4" failures="0" timestamp="2023-01-25T06:16:28 CST" time="4.684" errors="0">
  <testcase name="testPostUser" time="2.396" classname="api.Test2.UserTests2"/>
  <testcase name="testGetUserByName" time="0.374" classname="api.Test2.UserTests2"/>
  <testcase name="updataeUserByName" time="0.734" classname="api.Test2.UserTests2"/>
  <testcase name="testDeleteUserByName" time="0.352" classname="api.Test2.UserTests2"/>
</testsuite> <!-- PetTests -->
